<?xml version="1.0" encoding="UTF-8"?>
<testng-results ignored="0" total="1" passed="1" failed="0" skipped="0">
  <reporter-output>
  </reporter-output>
  <suite started-at="2024-11-18T13:58:19 IST" name="Suite" finished-at="2024-11-18T13:58:37 IST" duration-ms="17853">
    <groups>
    </groups>
    <test started-at="2024-11-18T13:58:19 IST" name="Test" finished-at="2024-11-18T13:58:37 IST" duration-ms="17853">
      <class name="tests.DemoTest">
        <test-method is-config="true" signature="browser_Setup()[pri:0, instance:tests.DemoTest@410e94e]" started-at="2024-11-18T13:58:19 IST" name="browser_Setup" finished-at="2024-11-18T13:58:23 IST" duration-ms="4541" status="PASS">
          <reporter-output>
          </reporter-output>
        </test-method> <!-- browser_Setup -->
        <test-method is-config="true" signature="customer_Login()[pri:0, instance:tests.DemoTest@410e94e]" started-at="2024-11-18T13:58:23 IST" name="customer_Login" finished-at="2024-11-18T13:58:31 IST" duration-ms="7860" status="PASS">
          <reporter-output>
          </reporter-output>
        </test-method> <!-- customer_Login -->
        <test-method signature="check_AutoDoc_H1Heading()[pri:0, instance:tests.DemoTest@410e94e]" started-at="2024-11-18T13:58:31 IST" name="check_AutoDoc_H1Heading" description="Captured full page screenshot" finished-at="2024-11-18T13:58:36 IST" duration-ms="4670" status="PASS">
          <reporter-output>
          </reporter-output>
        </test-method> <!-- check_AutoDoc_H1Heading -->
        <test-method is-config="true" signature="browser_Close()[pri:0, instance:tests.DemoTest@410e94e]" started-at="2024-11-18T13:58:36 IST" name="browser_Close" finished-at="2024-11-18T13:58:37 IST" duration-ms="746" status="PASS">
          <reporter-output>
          </reporter-output>
        </test-method> <!-- browser_Close -->
      </class> <!-- tests.DemoTest -->
    </test> <!-- Test -->
  </suite> <!-- Suite -->
</testng-results>
