<?xml version="1.0" encoding="UTF-8"?>
<testng-results ignored="0" total="1" passed="1" failed="0" skipped="0">
  <reporter-output>
  </reporter-output>
  <suite started-at="2024-11-18T13:51:12 IST" name="Suite" finished-at="2024-11-18T13:51:37 IST" duration-ms="24224">
    <groups>
    </groups>
    <test started-at="2024-11-18T13:51:12 IST" name="Test" finished-at="2024-11-18T13:51:37 IST" duration-ms="24224">
      <class name="tests.DemoTest">
        <test-method is-config="true" signature="browser_Setup()[pri:0, instance:tests.DemoTest@410e94e]" started-at="2024-11-18T13:51:12 IST" name="browser_Setup" finished-at="2024-11-18T13:51:17 IST" duration-ms="4523" status="PASS">
          <reporter-output>
          </reporter-output>
        </test-method> <!-- browser_Setup -->
        <test-method is-config="true" signature="customer_Login()[pri:0, instance:tests.DemoTest@410e94e]" started-at="2024-11-18T13:51:17 IST" name="customer_Login" finished-at="2024-11-18T13:51:32 IST" duration-ms="14654" status="PASS">
          <reporter-output>
          </reporter-output>
        </test-method> <!-- customer_Login -->
        <test-method signature="check_AutoDoc_H1Heading()[pri:0, instance:tests.DemoTest@410e94e]" started-at="2024-11-18T13:51:32 IST" name="check_AutoDoc_H1Heading" description="Captured full page screenshot" finished-at="2024-11-18T13:51:36 IST" duration-ms="4292" status="PASS">
          <reporter-output>
          </reporter-output>
        </test-method> <!-- check_AutoDoc_H1Heading -->
        <test-method is-config="true" signature="browser_Close()[pri:0, instance:tests.DemoTest@410e94e]" started-at="2024-11-18T13:51:36 IST" name="browser_Close" finished-at="2024-11-18T13:51:37 IST" duration-ms="723" status="PASS">
          <reporter-output>
          </reporter-output>
        </test-method> <!-- browser_Close -->
      </class> <!-- tests.DemoTest -->
    </test> <!-- Test -->
  </suite> <!-- Suite -->
</testng-results>
